app/build/intermediates/manifest_merge_blame_file/debug/processDebugMainManifest/manifest-merger-blame-debug-report.txt
1<?xml version="1.0" encoding="utf-8"?>
2<manifest xmlns:android="http://schemas.android.com/apk/res/android"
3    package="ar.edu.davinci.tufi_store"
4    android:versionCode="1"
5    android:versionName="1.0" >
6
7    <uses-sdk
8        android:minSdkVersion="29"
9        android:targetSdkVersion="35" />
10
11    <uses-permission android:name="android.permission.INTERNET" />
11-->src\main\AndroidManifest.xml:5:5-66
11-->src\main\AndroidManifest.xml:5:22-64
12    <uses-permission android:name="android.permission.ACCESS_NETWORK_STATE" />
12-->[com.google.firebase:firebase-auth:23.2.1] AndroidManifest.xml:26:5-79
12-->[com.google.firebase:firebase-auth:23.2.1] AndroidManifest.xml:26:22-76
13    <uses-permission android:name="com.google.android.providers.gsf.permission.READ_GSERVICES" />
13-->[com.google.android.recaptcha:recaptcha:18.6.1] AndroidManifest.xml:9:5-98
13-->[com.google.android.recaptcha:recaptcha:18.6.1] AndroidManifest.xml:9:22-95
14
15    <permission
15-->[androidx.core:core:1.13.0] AndroidManifest.xml:22:5-24:47
16        android:name="ar.edu.davinci.tufi_store.DYNAMIC_RECEIVER_NOT_EXPORTED_PERMISSION"
16-->[androidx.core:core:1.13.0] AndroidManifest.xml:23:9-81
17        android:protectionLevel="signature" />
17-->[androidx.core:core:1.13.0] AndroidManifest.xml:24:9-44
18
19    <uses-permission android:name="ar.edu.davinci.tufi_store.DYNAMIC_RECEIVER_NOT_EXPORTED_PERMISSION" />
19-->[androidx.core:core:1.13.0] AndroidManifest.xml:26:5-97
19-->[androidx.core:core:1.13.0] AndroidManifest.xml:26:22-94
20
21    <application
21-->src\main\AndroidManifest.xml:7:5-57:19
22        android:allowBackup="true"
22-->src\main\AndroidManifest.xml:8:9-35
23        android:appComponentFactory="androidx.core.app.CoreComponentFactory"
23-->[androidx.core:core:1.13.0] AndroidManifest.xml:28:18-86
24        android:dataExtractionRules="@xml/data_extraction_rules"
24-->src\main\AndroidManifest.xml:9:9-65
25        android:debuggable="true"
26        android:extractNativeLibs="false"
27        android:fullBackupContent="@xml/backup_rules"
27-->src\main\AndroidManifest.xml:10:9-54
28        android:icon="@mipmap/ic_launcher"
28-->src\main\AndroidManifest.xml:11:9-43
29        android:label="@string/app_name"
29-->src\main\AndroidManifest.xml:12:9-41
30        android:roundIcon="@mipmap/ic_launcher_round"
30-->src\main\AndroidManifest.xml:13:9-54
31        android:supportsRtl="true"
31-->src\main\AndroidManifest.xml:14:9-35
32        android:testOnly="true"
33        android:theme="@style/Theme.TuFi_Store" >
33-->src\main\AndroidManifest.xml:15:9-48
34        <activity
34-->src\main\AndroidManifest.xml:18:9-25:20
35            android:name="ar.edu.davinci.tufi_store.LoginActivity"
35-->src\main\AndroidManifest.xml:19:13-42
36            android:exported="true" >
36-->src\main\AndroidManifest.xml:20:13-36
37            <intent-filter>
37-->src\main\AndroidManifest.xml:21:13-24:29
38                <action android:name="android.intent.action.MAIN" />
38-->src\main\AndroidManifest.xml:22:17-69
38-->src\main\AndroidManifest.xml:22:25-66
39
40                <category android:name="android.intent.category.LAUNCHER" />
40-->src\main\AndroidManifest.xml:23:17-77
40-->src\main\AndroidManifest.xml:23:27-74
41            </intent-filter>
42        </activity>
43        <activity
43-->src\main\AndroidManifest.xml:27:9-30:20
44            android:name="ar.edu.davinci.tufi_store.MainActivity"
44-->src\main\AndroidManifest.xml:28:13-41
45            android:exported="false" >
45-->src\main\AndroidManifest.xml:29:13-37
46        </activity>
47        <activity
47-->src\main\AndroidManifest.xml:32:9-35:20
48            android:name="ar.edu.davinci.tufi_store.LocationsActivity"
48-->src\main\AndroidManifest.xml:33:13-46
49            android:exported="false" >
49-->src\main\AndroidManifest.xml:34:13-37
50        </activity>
51        <activity
51-->src\main\AndroidManifest.xml:37:9-40:20
52            android:name="ar.edu.davinci.tufi_store.StoreActivity"
52-->src\main\AndroidManifest.xml:38:13-42
53            android:exported="false" >
53-->src\main\AndroidManifest.xml:39:13-37
54        </activity>
55        <activity
55-->src\main\AndroidManifest.xml:42:9-45:20
56            android:name="ar.edu.davinci.tufi_store.FiguritaDetailActivity"
56-->src\main\AndroidManifest.xml:43:13-51
57            android:exported="false" >
57-->src\main\AndroidManifest.xml:44:13-37
58        </activity>
59        <activity
59-->src\main\AndroidManifest.xml:47:9-50:20
60            android:name="ar.edu.davinci.tufi_store.CartActivity"
60-->src\main\AndroidManifest.xml:48:13-41
61            android:exported="false" >
61-->src\main\AndroidManifest.xml:49:13-37
62        </activity>
63        <activity
63-->src\main\AndroidManifest.xml:52:9-55:20
64            android:name="ar.edu.davinci.tufi_store.ProfileActivity"
64-->src\main\AndroidManifest.xml:53:13-44
65            android:exported="false" >
65-->src\main\AndroidManifest.xml:54:13-37
66        </activity>
67        <activity
67-->[com.google.firebase:firebase-auth:23.2.1] AndroidManifest.xml:29:9-46:20
68            android:name="com.google.firebase.auth.internal.GenericIdpActivity"
68-->[com.google.firebase:firebase-auth:23.2.1] AndroidManifest.xml:30:13-80
69            android:excludeFromRecents="true"
69-->[com.google.firebase:firebase-auth:23.2.1] AndroidManifest.xml:31:13-46
70            android:exported="true"
70-->[com.google.firebase:firebase-auth:23.2.1] AndroidManifest.xml:32:13-36
71            android:launchMode="singleTask"
71-->[com.google.firebase:firebase-auth:23.2.1] AndroidManifest.xml:33:13-44
72            android:theme="@android:style/Theme.Translucent.NoTitleBar" >
72-->[com.google.firebase:firebase-auth:23.2.1] AndroidManifest.xml:34:13-72
73            <intent-filter>
73-->[com.google.firebase:firebase-auth:23.2.1] AndroidManifest.xml:35:13-45:29
74                <action android:name="android.intent.action.VIEW" />
74-->[com.google.firebase:firebase-auth:23.2.1] AndroidManifest.xml:36:17-69
74-->[com.google.firebase:firebase-auth:23.2.1] AndroidManifest.xml:36:25-66
75
76                <category android:name="android.intent.category.DEFAULT" />
76-->[com.google.firebase:firebase-auth:23.2.1] AndroidManifest.xml:38:17-76
76-->[com.google.firebase:firebase-auth:23.2.1] AndroidManifest.xml:38:27-73
77                <category android:name="android.intent.category.BROWSABLE" />
77-->[com.google.firebase:firebase-auth:23.2.1] AndroidManifest.xml:39:17-78
77-->[com.google.firebase:firebase-auth:23.2.1] AndroidManifest.xml:39:27-75
78
79                <data
79-->[com.google.firebase:firebase-auth:23.2.1] AndroidManifest.xml:41:17-44:51
80                    android:host="firebase.auth"
80-->[com.google.firebase:firebase-auth:23.2.1] AndroidManifest.xml:42:21-49
81                    android:path="/"
81-->[com.google.firebase:firebase-auth:23.2.1] AndroidManifest.xml:43:21-37
82                    android:scheme="genericidp" />
82-->[com.google.firebase:firebase-auth:23.2.1] AndroidManifest.xml:44:21-48
83            </intent-filter>
84        </activity>
85        <activity
85-->[com.google.firebase:firebase-auth:23.2.1] AndroidManifest.xml:47:9-64:20
86            android:name="com.google.firebase.auth.internal.RecaptchaActivity"
86-->[com.google.firebase:firebase-auth:23.2.1] AndroidManifest.xml:48:13-79
87            android:excludeFromRecents="true"
87-->[com.google.firebase:firebase-auth:23.2.1] AndroidManifest.xml:49:13-46
88            android:exported="true"
88-->[com.google.firebase:firebase-auth:23.2.1] AndroidManifest.xml:50:13-36
89            android:launchMode="singleTask"
89-->[com.google.firebase:firebase-auth:23.2.1] AndroidManifest.xml:51:13-44
90            android:theme="@android:style/Theme.Translucent.NoTitleBar" >
90-->[com.google.firebase:firebase-auth:23.2.1] AndroidManifest.xml:52:13-72
91            <intent-filter>
91-->[com.google.firebase:firebase-auth:23.2.1] AndroidManifest.xml:53:13-63:29
92                <action android:name="android.intent.action.VIEW" />
92-->[com.google.firebase:firebase-auth:23.2.1] AndroidManifest.xml:36:17-69
92-->[com.google.firebase:firebase-auth:23.2.1] AndroidManifest.xml:36:25-66
93
94                <category android:name="android.intent.category.DEFAULT" />
94-->[com.google.firebase:firebase-auth:23.2.1] AndroidManifest.xml:38:17-76
94-->[com.google.firebase:firebase-auth:23.2.1] AndroidManifest.xml:38:27-73
95                <category android:name="android.intent.category.BROWSABLE" />
95-->[com.google.firebase:firebase-auth:23.2.1] AndroidManifest.xml:39:17-78
95-->[com.google.firebase:firebase-auth:23.2.1] AndroidManifest.xml:39:27-75
96
97                <data
97-->[com.google.firebase:firebase-auth:23.2.1] AndroidManifest.xml:41:17-44:51
98                    android:host="firebase.auth"
98-->[com.google.firebase:firebase-auth:23.2.1] AndroidManifest.xml:42:21-49
99                    android:path="/"
99-->[com.google.firebase:firebase-auth:23.2.1] AndroidManifest.xml:43:21-37
100                    android:scheme="recaptcha" />
100-->[com.google.firebase:firebase-auth:23.2.1] AndroidManifest.xml:44:21-48
101            </intent-filter>
102        </activity>
103
104        <service
104-->[com.google.firebase:firebase-auth:23.2.1] AndroidManifest.xml:66:9-72:19
105            android:name="com.google.firebase.components.ComponentDiscoveryService"
105-->[com.google.firebase:firebase-auth:23.2.1] AndroidManifest.xml:67:13-84
106            android:directBootAware="true"
106-->[com.google.firebase:firebase-common:21.0.0] AndroidManifest.xml:32:13-43
107            android:exported="false" >
107-->[com.google.firebase:firebase-auth:23.2.1] AndroidManifest.xml:68:13-37
108            <meta-data
108-->[com.google.firebase:firebase-auth:23.2.1] AndroidManifest.xml:69:13-71:85
109                android:name="com.google.firebase.components:com.google.firebase.auth.FirebaseAuthRegistrar"
109-->[com.google.firebase:firebase-auth:23.2.1] AndroidManifest.xml:70:17-109
110                android:value="com.google.firebase.components.ComponentRegistrar" />
110-->[com.google.firebase:firebase-auth:23.2.1] AndroidManifest.xml:71:17-82
111            <meta-data
111-->[com.google.firebase:firebase-firestore:25.1.4] AndroidManifest.xml:17:13-19:85
112                android:name="com.google.firebase.components:com.google.firebase.firestore.FirebaseFirestoreKtxRegistrar"
112-->[com.google.firebase:firebase-firestore:25.1.4] AndroidManifest.xml:18:17-122
113                android:value="com.google.firebase.components.ComponentRegistrar" />
113-->[com.google.firebase:firebase-firestore:25.1.4] AndroidManifest.xml:19:17-82
114            <meta-data
114-->[com.google.firebase:firebase-firestore:25.1.4] AndroidManifest.xml:20:13-22:85
115                android:name="com.google.firebase.components:com.google.firebase.firestore.FirestoreRegistrar"
115-->[com.google.firebase:firebase-firestore:25.1.4] AndroidManifest.xml:21:17-111
116                android:value="com.google.firebase.components.ComponentRegistrar" />
116-->[com.google.firebase:firebase-firestore:25.1.4] AndroidManifest.xml:22:17-82
117            <meta-data
117-->[com.google.firebase:firebase-common-ktx:21.0.0] AndroidManifest.xml:12:13-14:85
118                android:name="com.google.firebase.components:com.google.firebase.ktx.FirebaseCommonLegacyRegistrar"
118-->[com.google.firebase:firebase-common-ktx:21.0.0] AndroidManifest.xml:13:17-116
119                android:value="com.google.firebase.components.ComponentRegistrar" />
119-->[com.google.firebase:firebase-common-ktx:21.0.0] AndroidManifest.xml:14:17-82
120            <meta-data
120-->[com.google.firebase:firebase-common:21.0.0] AndroidManifest.xml:35:13-37:85
121                android:name="com.google.firebase.components:com.google.firebase.FirebaseCommonKtxRegistrar"
121-->[com.google.firebase:firebase-common:21.0.0] AndroidManifest.xml:36:17-109
122                android:value="com.google.firebase.components.ComponentRegistrar" />
122-->[com.google.firebase:firebase-common:21.0.0] AndroidManifest.xml:37:17-82
123        </service>
124        <service
124-->[androidx.credentials:credentials-play-services-auth:1.2.0-rc01] AndroidManifest.xml:24:9-32:19
125            android:name="androidx.credentials.playservices.CredentialProviderMetadataHolder"
125-->[androidx.credentials:credentials-play-services-auth:1.2.0-rc01] AndroidManifest.xml:25:13-94
126            android:enabled="true"
126-->[androidx.credentials:credentials-play-services-auth:1.2.0-rc01] AndroidManifest.xml:26:13-35
127            android:exported="false" >
127-->[androidx.credentials:credentials-play-services-auth:1.2.0-rc01] AndroidManifest.xml:27:13-37
128            <meta-data
128-->[androidx.credentials:credentials-play-services-auth:1.2.0-rc01] AndroidManifest.xml:29:13-31:104
129                android:name="androidx.credentials.CREDENTIAL_PROVIDER_KEY"
129-->[androidx.credentials:credentials-play-services-auth:1.2.0-rc01] AndroidManifest.xml:30:17-76
130                android:value="androidx.credentials.playservices.CredentialProviderPlayServicesImpl" />
130-->[androidx.credentials:credentials-play-services-auth:1.2.0-rc01] AndroidManifest.xml:31:17-101
131        </service>
132
133        <activity
133-->[androidx.credentials:credentials-play-services-auth:1.2.0-rc01] AndroidManifest.xml:34:9-41:20
134            android:name="androidx.credentials.playservices.HiddenActivity"
134-->[androidx.credentials:credentials-play-services-auth:1.2.0-rc01] AndroidManifest.xml:35:13-76
135            android:configChanges="orientation|screenSize|screenLayout|keyboardHidden"
135-->[androidx.credentials:credentials-play-services-auth:1.2.0-rc01] AndroidManifest.xml:36:13-87
136            android:enabled="true"
136-->[androidx.credentials:credentials-play-services-auth:1.2.0-rc01] AndroidManifest.xml:37:13-35
137            android:exported="false"
137-->[androidx.credentials:credentials-play-services-auth:1.2.0-rc01] AndroidManifest.xml:38:13-37
138            android:fitsSystemWindows="true"
138-->[androidx.credentials:credentials-play-services-auth:1.2.0-rc01] AndroidManifest.xml:39:13-45
139            android:theme="@style/Theme.Hidden" >
139-->[androidx.credentials:credentials-play-services-auth:1.2.0-rc01] AndroidManifest.xml:40:13-48
140        </activity>
141        <activity
141-->[com.google.android.gms:play-services-auth:20.7.0] AndroidManifest.xml:23:9-27:75
142            android:name="com.google.android.gms.auth.api.signin.internal.SignInHubActivity"
142-->[com.google.android.gms:play-services-auth:20.7.0] AndroidManifest.xml:24:13-93
143            android:excludeFromRecents="true"
143-->[com.google.android.gms:play-services-auth:20.7.0] AndroidManifest.xml:25:13-46
144            android:exported="false"
144-->[com.google.android.gms:play-services-auth:20.7.0] AndroidManifest.xml:26:13-37
145            android:theme="@android:style/Theme.Translucent.NoTitleBar" />
145-->[com.google.android.gms:play-services-auth:20.7.0] AndroidManifest.xml:27:13-72
146        <!--
147            Service handling Google Sign-In user revocation. For apps that do not integrate with
148            Google Sign-In, this service will never be started.
149        -->
150        <service
150-->[com.google.android.gms:play-services-auth:20.7.0] AndroidManifest.xml:33:9-37:51
151            android:name="com.google.android.gms.auth.api.signin.RevocationBoundService"
151-->[com.google.android.gms:play-services-auth:20.7.0] AndroidManifest.xml:34:13-89
152            android:exported="true"
152-->[com.google.android.gms:play-services-auth:20.7.0] AndroidManifest.xml:35:13-36
153            android:permission="com.google.android.gms.auth.api.signin.permission.REVOCATION_NOTIFICATION"
153-->[com.google.android.gms:play-services-auth:20.7.0] AndroidManifest.xml:36:13-107
154            android:visibleToInstantApps="true" />
154-->[com.google.android.gms:play-services-auth:20.7.0] AndroidManifest.xml:37:13-48
155
156        <provider
156-->[com.google.firebase:firebase-common:21.0.0] AndroidManifest.xml:23:9-28:39
157            android:name="com.google.firebase.provider.FirebaseInitProvider"
157-->[com.google.firebase:firebase-common:21.0.0] AndroidManifest.xml:24:13-77
158            android:authorities="ar.edu.davinci.tufi_store.firebaseinitprovider"
158-->[com.google.firebase:firebase-common:21.0.0] AndroidManifest.xml:25:13-72
159            android:directBootAware="true"
159-->[com.google.firebase:firebase-common:21.0.0] AndroidManifest.xml:26:13-43
160            android:exported="false"
160-->[com.google.firebase:firebase-common:21.0.0] AndroidManifest.xml:27:13-37
161            android:initOrder="100" />
161-->[com.google.firebase:firebase-common:21.0.0] AndroidManifest.xml:28:13-36
162
163        <activity
163-->[com.google.android.gms:play-services-base:18.1.0] AndroidManifest.xml:20:9-22:45
164            android:name="com.google.android.gms.common.api.GoogleApiActivity"
164-->[com.google.android.gms:play-services-base:18.1.0] AndroidManifest.xml:20:19-85
165            android:exported="false"
165-->[com.google.android.gms:play-services-base:18.1.0] AndroidManifest.xml:22:19-43
166            android:theme="@android:style/Theme.Translucent.NoTitleBar" />
166-->[com.google.android.gms:play-services-base:18.1.0] AndroidManifest.xml:21:19-78
167
168        <provider
168-->[androidx.emoji2:emoji2:1.3.0] AndroidManifest.xml:24:9-32:20
169            android:name="androidx.startup.InitializationProvider"
169-->[androidx.emoji2:emoji2:1.3.0] AndroidManifest.xml:25:13-67
170            android:authorities="ar.edu.davinci.tufi_store.androidx-startup"
170-->[androidx.emoji2:emoji2:1.3.0] AndroidManifest.xml:26:13-68
171            android:exported="false" >
171-->[androidx.emoji2:emoji2:1.3.0] AndroidManifest.xml:27:13-37
172            <meta-data
172-->[androidx.emoji2:emoji2:1.3.0] AndroidManifest.xml:29:13-31:52
173                android:name="androidx.emoji2.text.EmojiCompatInitializer"
173-->[androidx.emoji2:emoji2:1.3.0] AndroidManifest.xml:30:17-75
174                android:value="androidx.startup" />
174-->[androidx.emoji2:emoji2:1.3.0] AndroidManifest.xml:31:17-49
175            <meta-data
175-->[androidx.lifecycle:lifecycle-process:2.6.2] AndroidManifest.xml:29:13-31:52
176                android:name="androidx.lifecycle.ProcessLifecycleInitializer"
176-->[androidx.lifecycle:lifecycle-process:2.6.2] AndroidManifest.xml:30:17-78
177                android:value="androidx.startup" />
177-->[androidx.lifecycle:lifecycle-process:2.6.2] AndroidManifest.xml:31:17-49
178            <meta-data
178-->[androidx.profileinstaller:profileinstaller:1.4.0] AndroidManifest.xml:29:13-31:52
179                android:name="androidx.profileinstaller.ProfileInstallerInitializer"
179-->[androidx.profileinstaller:profileinstaller:1.4.0] AndroidManifest.xml:30:17-85
180                android:value="androidx.startup" />
180-->[androidx.profileinstaller:profileinstaller:1.4.0] AndroidManifest.xml:31:17-49
181        </provider>
182
183        <meta-data
183-->[com.google.android.gms:play-services-basement:18.4.0] AndroidManifest.xml:6:9-122
184            android:name="com.google.android.gms.version"
184-->[com.google.android.gms:play-services-basement:18.4.0] AndroidManifest.xml:6:20-65
185            android:value="@integer/google_play_services_version" />
185-->[com.google.android.gms:play-services-basement:18.4.0] AndroidManifest.xml:6:66-119
186
187        <receiver
187-->[androidx.profileinstaller:profileinstaller:1.4.0] AndroidManifest.xml:34:9-52:20
188            android:name="androidx.profileinstaller.ProfileInstallReceiver"
188-->[androidx.profileinstaller:profileinstaller:1.4.0] AndroidManifest.xml:35:13-76
189            android:directBootAware="false"
189-->[androidx.profileinstaller:profileinstaller:1.4.0] AndroidManifest.xml:36:13-44
190            android:enabled="true"
190-->[androidx.profileinstaller:profileinstaller:1.4.0] AndroidManifest.xml:37:13-35
191            android:exported="true"
191-->[androidx.profileinstaller:profileinstaller:1.4.0] AndroidManifest.xml:38:13-36
192            android:permission="android.permission.DUMP" >
192-->[androidx.profileinstaller:profileinstaller:1.4.0] AndroidManifest.xml:39:13-57
193            <intent-filter>
193-->[androidx.profileinstaller:profileinstaller:1.4.0] AndroidManifest.xml:40:13-42:29
194                <action android:name="androidx.profileinstaller.action.INSTALL_PROFILE" />
194-->[androidx.profileinstaller:profileinstaller:1.4.0] AndroidManifest.xml:41:17-91
194-->[androidx.profileinstaller:profileinstaller:1.4.0] AndroidManifest.xml:41:25-88
195            </intent-filter>
196            <intent-filter>
196-->[androidx.profileinstaller:profileinstaller:1.4.0] AndroidManifest.xml:43:13-45:29
197                <action android:name="androidx.profileinstaller.action.SKIP_FILE" />
197-->[androidx.profileinstaller:profileinstaller:1.4.0] AndroidManifest.xml:44:17-85
197-->[androidx.profileinstaller:profileinstaller:1.4.0] AndroidManifest.xml:44:25-82
198            </intent-filter>
199            <intent-filter>
199-->[androidx.profileinstaller:profileinstaller:1.4.0] AndroidManifest.xml:46:13-48:29
200                <action android:name="androidx.profileinstaller.action.SAVE_PROFILE" />
200-->[androidx.profileinstaller:profileinstaller:1.4.0] AndroidManifest.xml:47:17-88
200-->[androidx.profileinstaller:profileinstaller:1.4.0] AndroidManifest.xml:47:25-85
201            </intent-filter>
202            <intent-filter>
202-->[androidx.profileinstaller:profileinstaller:1.4.0] AndroidManifest.xml:49:13-51:29
203                <action android:name="androidx.profileinstaller.action.BENCHMARK_OPERATION" />
203-->[androidx.profileinstaller:profileinstaller:1.4.0] AndroidManifest.xml:50:17-95
203-->[androidx.profileinstaller:profileinstaller:1.4.0] AndroidManifest.xml:50:25-92
204            </intent-filter>
205        </receiver> <!-- The activities will be merged into the manifest of the hosting app. -->
206        <activity
206-->[com.google.android.play:core-common:2.0.3] AndroidManifest.xml:14:9-18:65
207            android:name="com.google.android.play.core.common.PlayCoreDialogWrapperActivity"
207-->[com.google.android.play:core-common:2.0.3] AndroidManifest.xml:15:13-93
208            android:exported="false"
208-->[com.google.android.play:core-common:2.0.3] AndroidManifest.xml:16:13-37
209            android:stateNotNeeded="true"
209-->[com.google.android.play:core-common:2.0.3] AndroidManifest.xml:17:13-42
210            android:theme="@style/Theme.PlayCore.Transparent" />
210-->[com.google.android.play:core-common:2.0.3] AndroidManifest.xml:18:13-62
211    </application>
212
213</manifest>